<html>
<head>
<title>TestNG:  Test</title>
<link href="../testng.css" rel="stylesheet" type="text/css" />
<link href="../my-testng.css" rel="stylesheet" type="text/css" />

<style type="text/css">
.log { display: none;} 
.stack-trace { display: none;} 
</style>
<script type="text/javascript">
<!--
function flip(e) {
  current = e.style.display;
  if (current == 'block') {
    e.style.display = 'none';
    return 0;
  }
  else {
    e.style.display = 'block';
    return 1;
  }
}

function toggleBox(szDivId, elem, msg1, msg2)
{
  var res = -1;  if (document.getElementById) {
    res = flip(document.getElementById(szDivId));
  }
  else if (document.all) {
    // this is the way old msie versions work
    res = flip(document.all[szDivId]);
  }
  if(elem) {
    if(res == 0) elem.innerHTML = msg1; else elem.innerHTML = msg2;
  }

}

function toggleAllBoxes() {
  if (document.getElementsByTagName) {
    d = document.getElementsByTagName('div');
    for (i = 0; i < d.length; i++) {
      if (d[i].className == 'log') {
        flip(d[i]);
      }
    }
  }
}

// -->
</script>

</head>
<body>
<h2 align='center'>Test</h2><table border='1' align="center">
<tr>
<td>Tests passed/Failed/Skipped:</td><td>4/1/0</td>
</tr><tr>
<td>Started on:</td><td>Wed Nov 07 15:56:25 ICT 2018</td>
</tr>
<tr><td>Total time:</td><td>27 seconds (27967 ms)</td>
</tr><tr>
<td>Included groups:</td><td></td>
</tr><tr>
<td>Excluded groups:</td><td></td>
</tr>
</table><p/>
<small><i>(Hover the method name to see the test class name)</i></small><p/>
<table width='100%' border='1' class='invocation-failed'>
<tr><td colspan='4' align='center'><b>FAILED TESTS</b></td></tr>
<tr><td><b>Test method</b></td>
<td width="30%"><b>Exception</b></td>
<td width="10%"><b>Time (seconds)</b></td>
<td><b>Instance</b></td>
</tr>
<tr>
<td title='selenium_api.Topic_02_Exercise.TC05_CreateAnAccount()'><b>TC05_CreateAnAccount</b><br>Test class: selenium_api.Topic_02_Exercise</td>
<td><div><pre>java.lang.AssertionError: expected [Magento Commerce] but found [Home page]
	at selenium_api.Topic_02_Exercise.TC05_CreateAnAccount(Topic_02_Exercise.java:89)
... Removed 28 stack frames</pre></div><a href='#' onClick='toggleBox("stack-trace111900554", this, "Click to show all stack frames", "Click to hide stack frames")'>Click to show all stack frames</a>
<div class='stack-trace' id='stack-trace111900554'><pre>java.lang.AssertionError: expected [Magento Commerce] but found [Home page]
	at org.testng.Assert.fail(Assert.java:94)
	at org.testng.Assert.failNotEquals(Assert.java:496)
	at org.testng.Assert.assertEquals(Assert.java:125)
	at org.testng.Assert.assertEquals(Assert.java:178)
	at org.testng.Assert.assertEquals(Assert.java:188)
	at selenium_api.Topic_02_Exercise.TC05_CreateAnAccount(Topic_02_Exercise.java:89)
	at sun.reflect.NativeMethodAccessorImpl.invoke0(Native Method)
	at sun.reflect.NativeMethodAccessorImpl.invoke(NativeMethodAccessorImpl.java:62)
	at sun.reflect.DelegatingMethodAccessorImpl.invoke(DelegatingMethodAccessorImpl.java:43)
	at java.lang.reflect.Method.invoke(Method.java:498)
	at org.testng.internal.MethodInvocationHelper.invokeMethod(MethodInvocationHelper.java:85)
	at org.testng.internal.Invoker.invokeMethod(Invoker.java:639)
	at org.testng.internal.Invoker.invokeTestMethod(Invoker.java:816)
	at org.testng.internal.Invoker.invokeTestMethods(Invoker.java:1124)
	at org.testng.internal.TestMethodWorker.invokeTestMethods(TestMethodWorker.java:125)
	at org.testng.internal.TestMethodWorker.run(TestMethodWorker.java:108)
	at org.testng.TestRunner.privateRun(TestRunner.java:774)
	at org.testng.TestRunner.run(TestRunner.java:624)
	at org.testng.SuiteRunner.runTest(SuiteRunner.java:359)
	at org.testng.SuiteRunner.runSequentially(SuiteRunner.java:354)
	at org.testng.SuiteRunner.privateRun(SuiteRunner.java:312)
	at org.testng.SuiteRunner.run(SuiteRunner.java:261)
	at org.testng.SuiteRunnerWorker.runSuite(SuiteRunnerWorker.java:52)
	at org.testng.SuiteRunnerWorker.run(SuiteRunnerWorker.java:86)
	at org.testng.TestNG.runSuitesSequentially(TestNG.java:1215)
	at org.testng.TestNG.runSuitesLocally(TestNG.java:1140)
	at org.testng.TestNG.run(TestNG.java:1048)
	at org.testng.TestNG.privateMain(TestNG.java:1355)
	at org.testng.TestNG.main(TestNG.java:1324)
</pre></div></td>
<td>4</td>
<td>selenium_api.Topic_02_Exercise@ba4d54</td></tr>
</table><p>
<table width='100%' border='1' class='invocation-passed'>
<tr><td colspan='4' align='center'><b>PASSED TESTS</b></td></tr>
<tr><td><b>Test method</b></td>
<td width="30%"><b>Exception</b></td>
<td width="10%"><b>Time (seconds)</b></td>
<td><b>Instance</b></td>
</tr>
<tr>
<td title='selenium_api.Topic_02_Exercise.TC01_VerifyUrlAndTitle()'><b>TC01_VerifyUrlAndTitle</b><br>Test class: selenium_api.Topic_02_Exercise</td>
<td></td>
<td>1</td>
<td>selenium_api.Topic_02_Exercise@ba4d54</td></tr>
<tr>
<td title='selenium_api.Topic_02_Exercise.TC02_LoginEmpty()'><b>TC02_LoginEmpty</b><br>Test class: selenium_api.Topic_02_Exercise</td>
<td></td>
<td>0</td>
<td>selenium_api.Topic_02_Exercise@ba4d54</td></tr>
<tr>
<td title='selenium_api.Topic_02_Exercise.TC03_LoginWithInvalidEmail()'><b>TC03_LoginWithInvalidEmail</b><br>Test class: selenium_api.Topic_02_Exercise</td>
<td></td>
<td>0</td>
<td>selenium_api.Topic_02_Exercise@ba4d54</td></tr>
<tr>
<td title='selenium_api.Topic_02_Exercise.TC04_LoginWithIncorrectPassword()'><b>TC04_LoginWithIncorrectPassword</b><br>Test class: selenium_api.Topic_02_Exercise</td>
<td></td>
<td>0</td>
<td>selenium_api.Topic_02_Exercise@ba4d54</td></tr>
</table><p>
</body>
</html>