<?xml version="1.0" encoding="UTF-8"?>
<!-- Generated by org.testng.reporters.JUnitXMLReporter -->
<testsuite hostname="localadm-OptiPlex-3020" name="Test" tests="5" failures="1" timestamp="7 Nov 2018 02:45:21 GMT" time="47.428" errors="0">
  <testcase name="TC01_VerifyUrlAndTitle" time="2.126" classname="selenium_api.Topic_02_Exercise"/>
  <testcase name="TC02_LoginEmpty" time="0.994" classname="selenium_api.Topic_02_Exercise"/>
  <testcase name="TC03_LoginWithInvalidEmail" time="1.575" classname="selenium_api.Topic_02_Exercise"/>
  <testcase name="TC04_LoginWithIncorrectPassword" time="1.715" classname="selenium_api.Topic_02_Exercise"/>
  <testcase name="TC05_CreateAnAccount" time="3.978" classname="selenium_api.Topic_02_Exercise">
    <failure type="java.lang.AssertionError" message="expected [Magento Commerce] but found [Home page]">
      <![CDATA[java.lang.AssertionError: expected [Magento Commerce] but found [Home page]
	at selenium_api.Topic_02_Exercise.TC05_CreateAnAccount(Topic_02_Exercise.java:87)
... Removed 28 stack frames]]>
    </failure>
  </testcase> <!-- TC05_CreateAnAccount -->
</testsuite> <!-- Test -->
